2026-05-08 13:59:07,976 - WARNING - Nota NF001 ja existe no banco.
2026-05-08 13:59:07,977 - WARNING - Nota NF002 ja existe no banco.
2026-05-08 13:59:07,977 - WARNING - Nota NF003 ja existe no banco.
2026-05-08 13:59:07,978 - WARNING - Nota NF004 ja existe no banco.
2026-05-08 13:59:07,978 - INFO - Conexao encerrada.
2026-05-08 14:39:17,509 - WARNING - Nota NF001 ja existe no banco.
2026-05-08 14:39:17,509 - WARNING - Nota NF002 ja existe no banco.
2026-05-08 14:39:17,510 - WARNING - Nota NF003 ja existe no banco.
2026-05-08 14:39:17,510 - WARNING - Nota NF004 ja existe no banco.
2026-05-08 14:39:17,513 - INFO - Nota NF005 inserida com sucesso!
2026-05-08 14:39:17,514 - INFO - Conexao encerrada.
2026-05-08 17:17:38,281 - WARNING - Nota NF001 ja existe no banco.
2026-05-08 17:17:38,281 - WARNING - Nota NF002 ja existe no banco.
2026-05-08 17:17:38,282 - WARNING - Nota NF003 ja existe no banco.
2026-05-08 17:17:38,282 - WARNING - Nota NF004 ja existe no banco.
2026-05-08 17:17:38,282 - WARNING - Nota NF005 ja existe no banco.
2026-05-08 17:17:38,282 - INFO - Conexao encerrada.
2026-05-08 17:50:46,487 - WARNING - Nota NF001 ja existe no banco.
2026-05-08 17:50:46,488 - WARNING - Nota NF002 ja existe no banco.
2026-05-08 17:50:46,488 - WARNING - Nota NF003 ja existe no banco.
2026-05-08 17:50:46,489 - WARNING - Nota NF004 ja existe no banco.
2026-05-08 17:50:46,489 - WARNING - Nota NF005 ja existe no banco.
2026-05-08 17:50:46,496 - INFO - Nota NF006 inserida com sucesso!
2026-05-08 17:50:46,498 - INFO - Conexao encerrada.
2026-05-11 08:37:57,296 - WARNING - Nota NF001 ja existe no banco.
2026-05-11 08:37:57,296 - WARNING - Nota NF002 ja existe no banco.
2026-05-11 08:37:57,297 - WARNING - Nota NF003 ja existe no banco.
2026-05-11 08:37:57,297 - WARNING - Nota NF004 ja existe no banco.
2026-05-11 08:37:57,297 - WARNING - Nota NF005 ja existe no banco.
2026-05-11 08:37:57,297 - WARNING - Nota NF006 ja existe no banco.
2026-05-11 08:37:57,303 - INFO - Nota NF007 inserida com sucesso!
2026-05-11 08:37:57,305 - INFO - Conexao encerrada.
2026-05-12 10:49:38,240 - WARNING - Nota NF001 ja existe no banco.
2026-05-12 10:49:38,241 - WARNING - Nota NF002 ja existe no banco.
2026-05-12 10:49:38,241 - WARNING - Nota NF003 ja existe no banco.
2026-05-12 10:49:38,241 - WARNING - Nota NF004 ja existe no banco.
2026-05-12 10:49:38,242 - WARNING - Nota NF005 ja existe no banco.
2026-05-12 10:49:38,242 - WARNING - Nota NF006 ja existe no banco.
2026-05-12 10:49:38,242 - WARNING - Nota NF007 ja existe no banco.
2026-05-12 10:49:38,250 - INFO - Nota NF008 inserida com sucesso!
2026-05-12 10:49:38,254 - INFO - Resumo da execucao:
2026-05-12 10:49:38,254 - INFO - Notas inseridas: 1
2026-05-12 10:49:38,254 - INFO - Notas duplicadas: 7
2026-05-12 10:49:38,254 - INFO - Total processado: 8
2026-05-12 10:49:38,254 - INFO - Conexao encerrada.
2026-05-12 11:28:40,170 - WARNING - Nota NF001 ja existe no banco.
2026-05-12 11:28:40,170 - WARNING - Nota NF002 ja existe no banco.
2026-05-12 11:28:40,171 - WARNING - Nota NF003 ja existe no banco.
2026-05-12 11:28:40,171 - WARNING - Nota NF004 ja existe no banco.
2026-05-12 11:28:40,171 - WARNING - Nota NF005 ja existe no banco.
2026-05-12 11:28:40,171 - WARNING - Nota NF006 ja existe no banco.
2026-05-12 11:28:40,172 - WARNING - Nota NF007 ja existe no banco.
2026-05-12 11:28:40,172 - WARNING - Nota NF008 ja existe no banco.
2026-05-12 11:28:40,178 - INFO - Nota NF009 inserida com sucesso!
2026-05-12 11:28:40,180 - INFO - Resumo da execucao:
2026-05-12 11:28:40,180 - INFO - Notas inseridas: 1
2026-05-12 11:28:40,180 - INFO - Notas duplicadas: 8
2026-05-12 11:28:40,180 - INFO - Total processado: 9
2026-05-12 11:28:40,180 - INFO - Conexao encerrada.
2026-05-12 14:13:21,476 - WARNING - Nota NF001 ja existe no banco.
2026-05-12 14:13:21,478 - WARNING - Nota NF002 ja existe no banco.
2026-05-12 14:13:21,478 - WARNING - Nota NF003 ja existe no banco.
2026-05-12 14:13:21,479 - WARNING - Nota NF004 ja existe no banco.
2026-05-12 14:13:21,481 - WARNING - Nota NF005 ja existe no banco.
2026-05-12 14:13:21,485 - WARNING - Nota NF006 ja existe no banco.
2026-05-12 14:13:21,487 - WARNING - Nota NF007 ja existe no banco.
2026-05-12 14:13:21,488 - WARNING - Nota NF008 ja existe no banco.
2026-05-12 14:13:21,489 - WARNING - Nota NF009 ja existe no banco.
2026-05-12 14:13:21,490 - INFO - Resumo da execucao:
2026-05-12 14:13:21,490 - INFO - Notas inseridas: 0
2026-05-12 14:13:21,490 - INFO - Notas duplicadas: 9
2026-05-12 14:13:21,490 - INFO - Erros de validacao: 0
2026-05-12 14:13:21,490 - INFO - Total processado: 9
2026-05-12 14:13:21,494 - INFO - Conexao encerrada.
2026-05-12 14:23:56,398 - WARNING - Nota NF001 ja existe no banco.
2026-05-12 14:23:56,399 - WARNING - Nota NF002 ja existe no banco.
2026-05-12 14:23:56,399 - WARNING - Nota NF003 ja existe no banco.
2026-05-12 14:23:56,400 - WARNING - Nota NF004 ja existe no banco.
2026-05-12 14:23:56,400 - WARNING - Nota NF005 ja existe no banco.
2026-05-12 14:23:56,401 - WARNING - Nota NF006 ja existe no banco.
2026-05-12 14:23:56,401 - WARNING - Nota NF007 ja existe no banco.
2026-05-12 14:23:56,402 - WARNING - Nota NF008 ja existe no banco.
2026-05-12 14:23:56,403 - WARNING - Nota NF009 ja existe no banco.
2026-05-12 14:23:56,403 - ERROR - Erro de validacao: Valor deve ser maior que zero | Dados: ('NF999', '2024-01-20', 'Empresa Teste', -500.0, 50.0)
2026-05-12 14:23:56,403 - INFO - Resumo da execucao:
2026-05-12 14:23:56,403 - INFO - Notas inseridas: 0
2026-05-12 14:23:56,404 - INFO - Notas duplicadas: 9
2026-05-12 14:23:56,404 - INFO - Erros de validacao: 1
2026-05-12 14:23:56,404 - INFO - Total processado: 10
2026-05-12 14:23:56,404 - INFO - Conexao encerrada.
2026-05-12 14:25:15,876 - WARNING - Nota NF001 ja existe no banco.
2026-05-12 14:25:15,879 - WARNING - Nota NF002 ja existe no banco.
2026-05-12 14:25:15,881 - WARNING - Nota NF003 ja existe no banco.
2026-05-12 14:25:15,882 - WARNING - Nota NF004 ja existe no banco.
2026-05-12 14:25:15,884 - WARNING - Nota NF005 ja existe no banco.
2026-05-12 14:25:15,890 - WARNING - Nota NF006 ja existe no banco.
2026-05-12 14:25:15,891 - WARNING - Nota NF007 ja existe no banco.
2026-05-12 14:25:15,892 - WARNING - Nota NF008 ja existe no banco.
2026-05-12 14:25:15,893 - WARNING - Nota NF009 ja existe no banco.
2026-05-12 14:25:15,893 - ERROR - Erro de validacao: Valor deve ser maior que zero | Dados: ('NF999', '2024-01-20', 'Empresa Teste', -500.0, 50.0)
2026-05-12 14:25:15,893 - ERROR - Erro de validacao: Data invalida | Dados: ('NF888', '20/01/2024', 'Empresa Teste', 1000.0, 100.0)
2026-05-12 14:25:15,894 - INFO - Resumo da execucao:
2026-05-12 14:25:15,894 - INFO - Notas inseridas: 0
2026-05-12 14:25:15,894 - INFO - Notas duplicadas: 9
2026-05-12 14:25:15,894 - INFO - Erros de validacao: 2
2026-05-12 14:25:15,894 - INFO - Total processado: 11
2026-05-12 14:25:15,894 - INFO - Conexao encerrada.
2026-05-12 14:32:22,135 - WARNING - Nota NF001 ja existe no banco.
2026-05-12 14:32:22,136 - WARNING - Nota NF002 ja existe no banco.
2026-05-12 14:32:22,137 - WARNING - Nota NF003 ja existe no banco.
2026-05-12 14:32:22,137 - WARNING - Nota NF004 ja existe no banco.
2026-05-12 14:32:22,138 - WARNING - Nota NF005 ja existe no banco.
2026-05-12 14:32:22,139 - WARNING - Nota NF006 ja existe no banco.
2026-05-12 14:32:22,139 - WARNING - Nota NF007 ja existe no banco.
2026-05-12 14:32:22,140 - WARNING - Nota NF008 ja existe no banco.
2026-05-12 14:32:22,141 - WARNING - Nota NF009 ja existe no banco.
2026-05-12 14:32:22,141 - ERROR - Erro de validacao: Valor deve ser maior que zero | Dados: ('NF999', '2024-01-20', 'Empresa Teste', -500.0, 50.0)
2026-05-12 14:32:22,142 - INFO - Resumo da execucao:
2026-05-12 14:32:22,142 - INFO - Notas inseridas: 0
2026-05-12 14:32:22,142 - INFO - Notas duplicadas: 9
2026-05-12 14:32:22,143 - INFO - Erros de validacao: 1
2026-05-12 14:32:22,143 - INFO - Total processado: 10
2026-05-12 14:32:22,143 - INFO - Conexao encerrada.
